<?xml version="1.0" encoding="UTF-8"?>
<coverage generated="1698978328976" clover="3.2.0">
  <project timestamp="1698978328976" name="All files">
    <metrics statements="238" coveredstatements="231" conditionals="127" coveredconditionals="118" methods="38" coveredmethods="37" elements="403" coveredelements="386" complexity="0" loc="238" ncloc="238" packages="1" files="13" classes="13"/>
    <file name="ArgumentsOptional.js" path="/Users/ian/Documents/code/js/freecodecamp/jsADS/ArgumentsOptional.js">
      <metrics statements="5" coveredstatements="5" conditionals="8" coveredconditionals="8" methods="3" coveredmethods="3"/>
      <line num="16" count="20" type="cond" truecount="2" falsecount="0"/>
      <line num="20" count="11" type="stmt"/>
      <line num="22" count="11" type="cond" truecount="2" falsecount="0"/>
      <line num="23" count="9" type="cond" truecount="2" falsecount="0"/>
      <line num="24" count="6" type="cond" truecount="2" falsecount="0"/>
    </file>
    <file name="BinaryAgents.js" path="/Users/ian/Documents/code/js/freecodecamp/jsADS/BinaryAgents.js">
      <metrics statements="7" coveredstatements="7" conditionals="0" coveredconditionals="0" methods="1" coveredmethods="1"/>
      <line num="5" count="1" type="stmt"/>
      <line num="45" count="2" type="stmt"/>
      <line num="46" count="2" type="stmt"/>
      <line num="48" count="2" type="stmt"/>
      <line num="49" count="41" type="stmt"/>
      <line num="50" count="41" type="stmt"/>
      <line num="53" count="2" type="stmt"/>
    </file>
    <file name="CaesarsCipher.js" path="/Users/ian/Documents/code/js/freecodecamp/jsADS/CaesarsCipher.js">
      <metrics statements="14" coveredstatements="14" conditionals="4" coveredconditionals="4" methods="6" coveredmethods="6"/>
      <line num="13" count="1" type="stmt"/>
      <line num="14" count="1" type="stmt"/>
      <line num="22" count="6" type="stmt"/>
      <line num="26" count="118" type="cond" truecount="2" falsecount="0"/>
      <line num="39" count="88" type="stmt"/>
      <line num="40" count="88" type="stmt"/>
      <line num="41" count="88" type="stmt"/>
      <line num="50" count="214" type="stmt"/>
      <line num="59" count="122" type="stmt"/>
      <line num="70" count="92" type="stmt"/>
      <line num="71" count="92" type="cond" truecount="2" falsecount="0"/>
      <line num="72" count="48" type="stmt"/>
      <line num="74" count="44" type="stmt"/>
      <line num="76" count="92" type="stmt"/>
    </file>
    <file name="CashRegister.js" path="/Users/ian/Documents/code/js/freecodecamp/jsADS/CashRegister.js">
      <metrics statements="75" coveredstatements="71" conditionals="27" coveredconditionals="21" methods="6" coveredmethods="6"/>
      <line num="44" count="1" type="stmt"/>
      <line num="45" count="1" type="stmt"/>
      <line num="46" count="1" type="stmt"/>
      <line num="48" count="1" type="stmt"/>
      <line num="60" count="1" type="stmt"/>
      <line num="85" count="12" type="stmt"/>
      <line num="86" count="12" type="stmt"/>
      <line num="87" count="75" type="stmt"/>
      <line num="90" count="12" type="stmt"/>
      <line num="113" count="14" type="stmt"/>
      <line num="115" count="14" type="stmt"/>
      <line num="117" count="14" type="cond" truecount="2" falsecount="0"/>
      <line num="118" count="5" type="stmt"/>
      <line num="120" count="9" type="stmt"/>
      <line num="146" count="41" type="stmt"/>
      <line num="147" count="41" type="stmt"/>
      <line num="148" count="41" type="stmt"/>
      <line num="149" count="41" type="stmt"/>
      <line num="150" count="41" type="stmt"/>
      <line num="151" count="41" type="stmt"/>
      <line num="153" count="41" type="cond" truecount="1" falsecount="1"/>
      <line num="156" count="0" type="stmt"/>
      <line num="157" count="0" type="stmt"/>
      <line num="158" count="41" type="cond" truecount="1" falsecount="1"/>
      <line num="160" count="0" type="stmt"/>
      <line num="161" count="41" type="cond" truecount="2" falsecount="0"/>
      <line num="163" count="7" type="stmt"/>
      <line num="164" count="34" type="cond" truecount="2" falsecount="0"/>
      <line num="167" count="20" type="stmt"/>
      <line num="168" count="14" type="cond" truecount="1" falsecount="1"/>
      <line num="176" count="14" type="stmt"/>
      <line num="181" count="14" type="stmt"/>
      <line num="183" count="14" type="stmt"/>
      <line num="186" count="0" type="stmt"/>
      <line num="205" count="4" type="stmt"/>
      <line num="207" count="4" type="stmt"/>
      <line num="209" count="4" type="stmt"/>
      <line num="210" count="4" type="stmt"/>
      <line num="212" count="4" type="stmt"/>
      <line num="216" count="4" type="stmt"/>
      <line num="218" count="4" type="stmt"/>
      <line num="221" count="4" type="stmt"/>
      <line num="222" count="36" type="stmt"/>
      <line num="224" count="36" type="stmt"/>
      <line num="226" count="36" type="cond" truecount="4" falsecount="0"/>
      <line num="227" count="10" type="stmt"/>
      <line num="228" count="10" type="stmt"/>
      <line num="229" count="10" type="stmt"/>
      <line num="230" count="10" type="stmt"/>
      <line num="232" count="10" type="stmt"/>
      <line num="233" count="10" type="stmt"/>
      <line num="234" count="10" type="stmt"/>
      <line num="238" count="4" type="stmt"/>
      <line num="240" count="4" type="cond" truecount="2" falsecount="0"/>
      <line num="241" count="1" type="stmt"/>
      <line num="245" count="1" type="stmt"/>
      <line num="249" count="3" type="stmt"/>
      <line num="250" count="9" type="stmt"/>
      <line num="251" count="9" type="stmt"/>
      <line num="252" count="9" type="cond" truecount="2" falsecount="3"/>
      <line num="253" count="9" type="stmt"/>
      <line num="256" count="3" type="stmt"/>
      <line num="258" count="3" type="stmt"/>
      <line num="260" count="3" type="stmt"/>
      <line num="281" count="6" type="stmt"/>
      <line num="286" count="6" type="stmt"/>
      <line num="289" count="6" type="stmt"/>
      <line num="291" count="6" type="cond" truecount="2" falsecount="0"/>
      <line num="292" count="1" type="stmt"/>
      <line num="293" count="1" type="stmt"/>
      <line num="294" count="5" type="cond" truecount="2" falsecount="0"/>
      <line num="295" count="1" type="stmt"/>
      <line num="296" count="1" type="stmt"/>
      <line num="298" count="4" type="stmt"/>
      <line num="300" count="6" type="stmt"/>
    </file>
    <file name="EverythingBeTrue.js" path="/Users/ian/Documents/code/js/freecodecamp/jsADS/EverythingBeTrue.js">
      <metrics statements="6" coveredstatements="6" conditionals="2" coveredconditionals="2" methods="1" coveredmethods="1"/>
      <line num="11" count="3" type="stmt"/>
      <line num="12" count="3" type="stmt"/>
      <line num="13" count="5" type="cond" truecount="2" falsecount="0"/>
      <line num="14" count="2" type="stmt"/>
      <line num="15" count="2" type="stmt"/>
      <line num="18" count="3" type="stmt"/>
    </file>
    <file name="MakeaPersonClass.js" path="/Users/ian/Documents/code/js/freecodecamp/jsADS/MakeaPersonClass.js">
      <metrics statements="19" coveredstatements="19" conditionals="0" coveredconditionals="0" methods="7" coveredmethods="7"/>
      <line num="27" count="6" type="stmt"/>
      <line num="29" count="6" type="stmt"/>
      <line num="30" count="4" type="stmt"/>
      <line num="33" count="6" type="stmt"/>
      <line num="34" count="4" type="stmt"/>
      <line num="35" count="4" type="stmt"/>
      <line num="38" count="6" type="stmt"/>
      <line num="39" count="4" type="stmt"/>
      <line num="40" count="4" type="stmt"/>
      <line num="43" count="6" type="stmt"/>
      <line num="44" count="1" type="stmt"/>
      <line num="45" count="1" type="stmt"/>
      <line num="46" count="1" type="stmt"/>
      <line num="49" count="6" type="stmt"/>
      <line num="50" count="1" type="stmt"/>
      <line num="51" count="1" type="stmt"/>
      <line num="52" count="1" type="stmt"/>
      <line num="55" count="6" type="stmt"/>
      <line num="56" count="1" type="stmt"/>
    </file>
    <file name="Palindrome Checker.js" path="/Users/ian/Documents/code/js/freecodecamp/jsADS/Palindrome Checker.js">
      <metrics statements="5" coveredstatements="5" conditionals="0" coveredconditionals="0" methods="1" coveredmethods="1"/>
      <line num="16" count="14" type="stmt"/>
      <line num="18" count="14" type="stmt"/>
      <line num="19" count="14" type="stmt"/>
      <line num="21" count="14" type="stmt"/>
      <line num="23" count="14" type="stmt"/>
    </file>
    <file name="RomanNumeralConverter.js" path="/Users/ian/Documents/code/js/freecodecamp/jsADS/RomanNumeralConverter.js">
      <metrics statements="41" coveredstatements="39" conditionals="52" coveredconditionals="49" methods="5" coveredmethods="5"/>
      <line num="21" count="28" type="cond" truecount="1" falsecount="1"/>
      <line num="23" count="28" type="cond" truecount="4" falsecount="0"/>
      <line num="24" count="7" type="stmt"/>
      <line num="25" count="21" type="cond" truecount="2" falsecount="0"/>
      <line num="26" count="4" type="stmt"/>
      <line num="27" count="17" type="cond" truecount="4" falsecount="0"/>
      <line num="28" count="8" type="stmt"/>
      <line num="29" count="9" type="cond" truecount="2" falsecount="0"/>
      <line num="30" count="5" type="stmt"/>
      <line num="33" count="4" type="stmt"/>
      <line num="37" count="28" type="stmt"/>
      <line num="40" count="28" type="cond" truecount="2" falsecount="0"/>
      <line num="42" count="15" type="cond" truecount="4" falsecount="0"/>
      <line num="43" count="5" type="stmt"/>
      <line num="44" count="10" type="cond" truecount="2" falsecount="0"/>
      <line num="45" count="3" type="stmt"/>
      <line num="46" count="7" type="cond" truecount="4" falsecount="0"/>
      <line num="47" count="2" type="stmt"/>
      <line num="48" count="5" type="cond" truecount="1" falsecount="1"/>
      <line num="49" count="5" type="stmt"/>
      <line num="51" count="0" type="stmt"/>
      <line num="55" count="28" type="stmt"/>
      <line num="62" count="28" type="cond" truecount="2" falsecount="0"/>
      <line num="64" count="8" type="cond" truecount="4" falsecount="0"/>
      <line num="65" count="1" type="stmt"/>
      <line num="66" count="7" type="cond" truecount="2" falsecount="0"/>
      <line num="67" count="1" type="stmt"/>
      <line num="68" count="6" type="cond" truecount="4" falsecount="0"/>
      <line num="69" count="5" type="stmt"/>
      <line num="70" count="1" type="cond" truecount="1" falsecount="1"/>
      <line num="71" count="1" type="stmt"/>
      <line num="74" count="0" type="stmt"/>
      <line num="79" count="28" type="stmt"/>
      <line num="82" count="28" type="cond" truecount="4" falsecount="0"/>
      <line num="84" count="6" type="stmt"/>
      <line num="88" count="28" type="stmt"/>
      <line num="89" count="28" type="cond" truecount="2" falsecount="0"/>
      <line num="90" count="28" type="cond" truecount="2" falsecount="0"/>
      <line num="91" count="28" type="cond" truecount="2" falsecount="0"/>
      <line num="105" count="28" type="stmt"/>
      <line num="110" count="28" type="stmt"/>
    </file>
    <file name="Steamroller.js" path="/Users/ian/Documents/code/js/freecodecamp/jsADS/Steamroller.js">
      <metrics statements="9" coveredstatements="9" conditionals="2" coveredconditionals="2" methods="1" coveredmethods="1"/>
      <line num="6" count="19" type="stmt"/>
      <line num="10" count="19" type="stmt"/>
      <line num="11" count="19" type="stmt"/>
      <line num="12" count="28" type="stmt"/>
      <line num="13" count="28" type="cond" truecount="2" falsecount="0"/>
      <line num="14" count="15" type="stmt"/>
      <line num="15" count="15" type="stmt"/>
      <line num="17" count="13" type="stmt"/>
      <line num="20" count="19" type="stmt"/>
    </file>
    <file name="TelephoneUSANumberValidator.js" path="/Users/ian/Documents/code/js/freecodecamp/jsADS/TelephoneUSANumberValidator.js">
      <metrics statements="19" coveredstatements="19" conditionals="24" coveredconditionals="24" methods="1" coveredmethods="1"/>
      <line num="25" count="30" type="stmt"/>
      <line num="27" count="30" type="cond" truecount="2" falsecount="0"/>
      <line num="30" count="28" type="stmt"/>
      <line num="33" count="28" type="cond" truecount="4" falsecount="0"/>
      <line num="34" count="15" type="stmt"/>
      <line num="35" count="15" type="stmt"/>
      <line num="36" count="15" type="cond" truecount="2" falsecount="0"/>
      <line num="40" count="23" type="cond" truecount="2" falsecount="0"/>
      <line num="42" count="15" type="cond" truecount="2" falsecount="0"/>
      <line num="44" count="14" type="stmt"/>
      <line num="45" count="14" type="stmt"/>
      <line num="47" count="14" type="stmt"/>
      <line num="48" count="14" type="stmt"/>
      <line num="50" count="14" type="cond" truecount="4" falsecount="0"/>
      <line num="54" count="21" type="stmt"/>
      <line num="55" count="21" type="stmt"/>
      <line num="58" count="21" type="cond" truecount="4" falsecount="0"/>
      <line num="60" count="14" type="cond" truecount="4" falsecount="0"/>
      <line num="62" count="5" type="stmt"/>
    </file>
    <file name="addTwo.js" path="/Users/ian/Documents/code/js/freecodecamp/jsADS/addTwo.js">
      <metrics statements="1" coveredstatements="0" conditionals="0" coveredconditionals="0" methods="1" coveredmethods="0"/>
      <line num="3" count="0" type="stmt"/>
    </file>
    <file name="di.js" path="/Users/ian/Documents/code/js/freecodecamp/jsADS/di.js">
      <metrics statements="12" coveredstatements="12" conditionals="4" coveredconditionals="4" methods="1" coveredmethods="1"/>
      <line num="9" count="6" type="stmt"/>
      <line num="10" count="6" type="stmt"/>
      <line num="11" count="6" type="stmt"/>
      <line num="12" count="6" type="stmt"/>
      <line num="13" count="20" type="stmt"/>
      <line num="14" count="20" type="stmt"/>
      <line num="15" count="20" type="stmt"/>
      <line num="16" count="20" type="cond" truecount="2" falsecount="0"/>
      <line num="17" count="5" type="stmt"/>
      <line num="18" count="5" type="stmt"/>
      <line num="21" count="6" type="stmt"/>
      <line num="23" count="6" type="cond" truecount="2" falsecount="0"/>
    </file>
    <file name="scd.js" path="/Users/ian/Documents/code/js/freecodecamp/jsADS/scd.js">
      <metrics statements="25" coveredstatements="25" conditionals="4" coveredconditionals="4" methods="4" coveredmethods="4"/>
      <line num="11" count="4" type="stmt"/>
      <line num="12" count="4" type="stmt"/>
      <line num="13" count="32" type="stmt"/>
      <line num="15" count="4" type="stmt"/>
      <line num="19" count="1009436" type="stmt"/>
      <line num="23" count="4" type="stmt"/>
      <line num="24" count="4" type="stmt"/>
      <line num="25" count="4" type="stmt"/>
      <line num="27" count="4" type="stmt"/>
      <line num="29" count="4" type="stmt"/>
      <line num="31" count="4" type="stmt"/>
      <line num="32" count="4" type="stmt"/>
      <line num="33" count="32" type="stmt"/>
      <line num="37" count="4" type="stmt"/>
      <line num="39" count="4" type="stmt"/>
      <line num="40" count="362999" type="stmt"/>
      <line num="41" count="362999" type="stmt"/>
      <line num="47" count="1009434" type="cond" truecount="2" falsecount="0"/>
      <line num="48" count="362995" type="stmt"/>
      <line num="49" count="362995" type="stmt"/>
      <line num="51" count="646439" type="stmt"/>
      <line num="56" count="362999" type="stmt"/>
      <line num="57" count="362999" type="cond" truecount="2" falsecount="0"/>
      <line num="58" count="4" type="stmt"/>
      <line num="62" count="4" type="stmt"/>
    </file>
  </project>
</coverage>
