{"/Users/ian/Documents/code/js/freecodecamp/jsADS/ArgumentsOptional.js": {"path":"/Users/ian/Documents/code/js/freecodecamp/jsADS/ArgumentsOptional.js","statementMap":{"0":{"start":{"line":16,"column":2},"end":{"line":16,"column":48}},"1":{"start":{"line":20,"column":23},"end":{"line":20,"column":32}},"2":{"start":{"line":22,"column":2},"end":{"line":25,"column":3}},"3":{"start":{"line":23,"column":4},"end":{"line":23,"column":43}},"4":{"start":{"line":23,"column":24},"end":{"line":23,"column":43}},"5":{"start":{"line":24,"column":4},"end":{"line":24,"column":73}},"6":{"start":{"line":24,"column":32},"end":{"line":24,"column":73}},"7":{"start":{"line":24,"column":49},"end":{"line":24,"column":72}}},"fnMap":{"0":{"name":"isNumber","decl":{"start":{"line":15,"column":9},"end":{"line":15,"column":17}},"loc":{"start":{"line":15,"column":23},"end":{"line":17,"column":1}},"line":15},"1":{"name":"addTogether","decl":{"start":{"line":19,"column":9},"end":{"line":19,"column":20}},"loc":{"start":{"line":19,"column":23},"end":{"line":26,"column":1}},"line":19},"2":{"name":"(anonymous_2)","decl":{"start":{"line":24,"column":39},"end":{"line":24,"column":40}},"loc":{"start":{"line":24,"column":49},"end":{"line":24,"column":72}},"line":24}},"branchMap":{"0":{"loc":{"start":{"line":16,"column":9},"end":{"line":16,"column":47}},"type":"cond-expr","locations":[{"start":{"line":16,"column":35},"end":{"line":16,"column":39}},{"start":{"line":16,"column":42},"end":{"line":16,"column":47}}],"line":16},"1":{"loc":{"start":{"line":22,"column":2},"end":{"line":25,"column":3}},"type":"if","locations":[{"start":{"line":22,"column":2},"end":{"line":25,"column":3}},{"start":{},"end":{}}],"line":22},"2":{"loc":{"start":{"line":23,"column":4},"end":{"line":23,"column":43}},"type":"if","locations":[{"start":{"line":23,"column":4},"end":{"line":23,"column":43}},{"start":{},"end":{}}],"line":23},"3":{"loc":{"start":{"line":24,"column":4},"end":{"line":24,"column":73}},"type":"if","locations":[{"start":{"line":24,"column":4},"end":{"line":24,"column":73}},{"start":{},"end":{}}],"line":24}},"s":{"0":20,"1":11,"2":11,"3":9,"4":3,"5":6,"6":3,"7":2},"f":{"0":20,"1":11,"2":2},"b":{"0":[12,8],"1":[9,2],"2":[3,6],"3":[3,3]},"_coverageSchema":"1a1c01bbd47fc00a2c39e90264f33305004495a9","hash":"cdde096b001a11fce1d9cccf46c33b3691246b15"}
,"/Users/ian/Documents/code/js/freecodecamp/jsADS/BinaryAgents.js": {"path":"/Users/ian/Documents/code/js/freecodecamp/jsADS/BinaryAgents.js","statementMap":{"0":{"start":{"line":5,"column":21},"end":{"line":42,"column":1}},"1":{"start":{"line":45,"column":15},"end":{"line":45,"column":29}},"2":{"start":{"line":46,"column":15},"end":{"line":46,"column":17}},"3":{"start":{"line":48,"column":2},"end":{"line":51,"column":3}},"4":{"start":{"line":49,"column":15},"end":{"line":49,"column":36}},"5":{"start":{"line":50,"column":4},"end":{"line":50,"column":22}},"6":{"start":{"line":53,"column":2},"end":{"line":53,"column":25}}},"fnMap":{"0":{"name":"binaryAgent","decl":{"start":{"line":44,"column":9},"end":{"line":44,"column":20}},"loc":{"start":{"line":44,"column":26},"end":{"line":54,"column":1}},"line":44}},"branchMap":{},"s":{"0":1,"1":2,"2":2,"3":2,"4":41,"5":41,"6":2},"f":{"0":2},"b":{},"_coverageSchema":"1a1c01bbd47fc00a2c39e90264f33305004495a9","hash":"edf30a3f4bf1b39d2b4a64812229a88bc0d5149c"}
,"/Users/ian/Documents/code/js/freecodecamp/jsADS/CaesarsCipher.js": {"path":"/Users/ian/Documents/code/js/freecodecamp/jsADS/CaesarsCipher.js","statementMap":{"0":{"start":{"line":13,"column":17},"end":{"line":13,"column":45}},"1":{"start":{"line":14,"column":21},"end":{"line":14,"column":23}},"2":{"start":{"line":22,"column":2},"end":{"line":28,"column":14}},"3":{"start":{"line":26,"column":6},"end":{"line":26,"column":72}},"4":{"start":{"line":39,"column":17},"end":{"line":39,"column":45}},"5":{"start":{"line":40,"column":20},"end":{"line":40,"column":48}},"6":{"start":{"line":41,"column":2},"end":{"line":41,"column":31}},"7":{"start":{"line":50,"column":2},"end":{"line":50,"column":37}},"8":{"start":{"line":59,"column":2},"end":{"line":59,"column":45}},"9":{"start":{"line":70,"column":23},"end":{"line":70,"column":38}},"10":{"start":{"line":71,"column":2},"end":{"line":75,"column":3}},"11":{"start":{"line":72,"column":4},"end":{"line":72,"column":54}},"12":{"start":{"line":74,"column":4},"end":{"line":74,"column":39}},"13":{"start":{"line":76,"column":2},"end":{"line":76,"column":18}}},"fnMap":{"0":{"name":"rot13","decl":{"start":{"line":21,"column":24},"end":{"line":21,"column":29}},"loc":{"start":{"line":21,"column":35},"end":{"line":29,"column":1}},"line":21},"1":{"name":"(anonymous_1)","decl":{"start":{"line":25,"column":9},"end":{"line":25,"column":10}},"loc":{"start":{"line":25,"column":25},"end":{"line":27,"column":5}},"line":25},"2":{"name":"_rotateElement","decl":{"start":{"line":38,"column":9},"end":{"line":38,"column":23}},"loc":{"start":{"line":38,"column":33},"end":{"line":42,"column":1}},"line":38},"3":{"name":"_locationInAlphabet","decl":{"start":{"line":49,"column":9},"end":{"line":49,"column":28}},"loc":{"start":{"line":49,"column":40},"end":{"line":51,"column":1}},"line":49},"4":{"name":"_isInAlphabet","decl":{"start":{"line":58,"column":9},"end":{"line":58,"column":22}},"loc":{"start":{"line":58,"column":34},"end":{"line":60,"column":1}},"line":58},"5":{"name":"_newRotaedLocation","decl":{"start":{"line":69,"column":9},"end":{"line":69,"column":27}},"loc":{"start":{"line":69,"column":38},"end":{"line":77,"column":1}},"line":69}},"branchMap":{"0":{"loc":{"start":{"line":26,"column":13},"end":{"line":26,"column":71}},"type":"cond-expr","locations":[{"start":{"line":26,"column":38},"end":{"line":26,"column":61}},{"start":{"line":26,"column":64},"end":{"line":26,"column":71}}],"line":26},"1":{"loc":{"start":{"line":71,"column":2},"end":{"line":75,"column":3}},"type":"if","locations":[{"start":{"line":71,"column":2},"end":{"line":75,"column":3}},{"start":{"line":73,"column":9},"end":{"line":75,"column":3}}],"line":71}},"s":{"0":1,"1":1,"2":6,"3":118,"4":88,"5":88,"6":88,"7":214,"8":122,"9":92,"10":92,"11":48,"12":44,"13":92},"f":{"0":6,"1":118,"2":88,"3":214,"4":122,"5":92},"b":{"0":[88,30],"1":[48,44]},"_coverageSchema":"1a1c01bbd47fc00a2c39e90264f33305004495a9","hash":"0b18607b05056a619dad5008371aad57372add45"}
,"/Users/ian/Documents/code/js/freecodecamp/jsADS/CashRegister.js": {"path":"/Users/ian/Documents/code/js/freecodecamp/jsADS/CashRegister.js","statementMap":{"0":{"start":{"line":44,"column":28},"end":{"line":44,"column":48}},"1":{"start":{"line":45,"column":20},"end":{"line":45,"column":26}},"2":{"start":{"line":46,"column":22},"end":{"line":46,"column":30}},"3":{"start":{"line":48,"column":23},"end":{"line":58,"column":1}},"4":{"start":{"line":60,"column":35},"end":{"line":70,"column":1}},"5":{"start":{"line":85,"column":22},"end":{"line":85,"column":23}},"6":{"start":{"line":86,"column":2},"end":{"line":88,"column":3}},"7":{"start":{"line":87,"column":4},"end":{"line":87,"column":53}},"8":{"start":{"line":90,"column":2},"end":{"line":90,"column":29}},"9":{"start":{"line":113,"column":19},"end":{"line":113,"column":66}},"10":{"start":{"line":115,"column":21},"end":{"line":115,"column":45}},"11":{"start":{"line":117,"column":2},"end":{"line":119,"column":3}},"12":{"start":{"line":118,"column":4},"end":{"line":118,"column":47}},"13":{"start":{"line":120,"column":2},"end":{"line":120,"column":41}},"14":{"start":{"line":146,"column":13},"end":{"line":146,"column":26}},"15":{"start":{"line":147,"column":19},"end":{"line":147,"column":32}},"16":{"start":{"line":148,"column":25},"end":{"line":148,"column":41}},"17":{"start":{"line":149,"column":20},"end":{"line":149,"column":52}},"18":{"start":{"line":150,"column":30},"end":{"line":150,"column":70}},"19":{"start":{"line":151,"column":20},"end":{"line":151,"column":29}},"20":{"start":{"line":153,"column":2},"end":{"line":184,"column":3}},"21":{"start":{"line":156,"column":4},"end":{"line":156,"column":37}},"22":{"start":{"line":157,"column":4},"end":{"line":157,"column":55}},"23":{"start":{"line":158,"column":9},"end":{"line":184,"column":3}},"24":{"start":{"line":160,"column":4},"end":{"line":160,"column":37}},"25":{"start":{"line":161,"column":9},"end":{"line":184,"column":3}},"26":{"start":{"line":163,"column":4},"end":{"line":163,"column":48}},"27":{"start":{"line":164,"column":9},"end":{"line":184,"column":3}},"28":{"start":{"line":167,"column":4},"end":{"line":167,"column":46}},"29":{"start":{"line":168,"column":9},"end":{"line":184,"column":3}},"30":{"start":{"line":176,"column":23},"end":{"line":180,"column":5}},"31":{"start":{"line":181,"column":4},"end":{"line":181,"column":39}},"32":{"start":{"line":183,"column":4},"end":{"line":183,"column":57}},"33":{"start":{"line":186,"column":2},"end":{"line":186,"column":44}},"34":{"start":{"line":205,"column":19},"end":{"line":205,"column":29}},"35":{"start":{"line":207,"column":28},"end":{"line":207,"column":40}},"36":{"start":{"line":209,"column":32},"end":{"line":209,"column":50}},"37":{"start":{"line":210,"column":33},"end":{"line":210,"column":56}},"38":{"start":{"line":212,"column":15},"end":{"line":215,"column":3}},"39":{"start":{"line":216,"column":24},"end":{"line":216,"column":26}},"40":{"start":{"line":218,"column":32},"end":{"line":218,"column":33}},"41":{"start":{"line":221,"column":2},"end":{"line":236,"column":3}},"42":{"start":{"line":221,"column":15},"end":{"line":221,"column":29}},"43":{"start":{"line":222,"column":4},"end":{"line":222,"column":21}},"44":{"start":{"line":224,"column":21},"end":{"line":224,"column":67}},"45":{"start":{"line":226,"column":4},"end":{"line":235,"column":5}},"46":{"start":{"line":227,"column":6},"end":{"line":227,"column":42}},"47":{"start":{"line":228,"column":32},"end":{"line":228,"column":49}},"48":{"start":{"line":229,"column":17},"end":{"line":229,"column":35}},"49":{"start":{"line":230,"column":6},"end":{"line":230,"column":66}},"50":{"start":{"line":232,"column":6},"end":{"line":232,"column":34}},"51":{"start":{"line":233,"column":6},"end":{"line":233,"column":42}},"52":{"start":{"line":234,"column":6},"end":{"line":234,"column":67}},"53":{"start":{"line":238,"column":2},"end":{"line":238,"column":49}},"54":{"start":{"line":240,"column":2},"end":{"line":246,"column":3}},"55":{"start":{"line":241,"column":4},"end":{"line":244,"column":6}},"56":{"start":{"line":245,"column":4},"end":{"line":245,"column":18}},"57":{"start":{"line":249,"column":17},"end":{"line":255,"column":4}},"58":{"start":{"line":250,"column":15},"end":{"line":250,"column":26}},"59":{"start":{"line":251,"column":16},"end":{"line":251,"column":27}},"60":{"start":{"line":252,"column":4},"end":{"line":254,"column":5}},"61":{"start":{"line":253,"column":6},"end":{"line":253,"column":22}},"62":{"start":{"line":256,"column":2},"end":{"line":256,"column":27}},"63":{"start":{"line":258,"column":28},"end":{"line":258,"column":54}},"64":{"start":{"line":260,"column":2},"end":{"line":260,"column":16}},"65":{"start":{"line":281,"column":15},"end":{"line":284,"column":3}},"66":{"start":{"line":286,"column":21},"end":{"line":286,"column":33}},"67":{"start":{"line":289,"column":17},"end":{"line":289,"column":33}},"68":{"start":{"line":291,"column":2},"end":{"line":299,"column":3}},"69":{"start":{"line":292,"column":4},"end":{"line":292,"column":40}},"70":{"start":{"line":293,"column":4},"end":{"line":293,"column":23}},"71":{"start":{"line":294,"column":9},"end":{"line":299,"column":3}},"72":{"start":{"line":295,"column":4},"end":{"line":295,"column":34}},"73":{"start":{"line":296,"column":4},"end":{"line":296,"column":24}},"74":{"start":{"line":298,"column":4},"end":{"line":298,"column":48}},"75":{"start":{"line":300,"column":2},"end":{"line":300,"column":16}}},"fnMap":{"0":{"name":"getTotalCid","decl":{"start":{"line":83,"column":9},"end":{"line":83,"column":20}},"loc":{"start":{"line":83,"column":26},"end":{"line":91,"column":1}},"line":83},"1":{"name":"AmountReturnedDollars","decl":{"start":{"line":107,"column":9},"end":{"line":107,"column":30}},"loc":{"start":{"line":111,"column":2},"end":{"line":121,"column":1}},"line":111},"2":{"name":"doCidadjustmentForAType","decl":{"start":{"line":145,"column":9},"end":{"line":145,"column":32}},"loc":{"start":{"line":145,"column":59},"end":{"line":187,"column":1}},"line":145},"3":{"name":"doCidadjustment","decl":{"start":{"line":203,"column":9},"end":{"line":203,"column":24}},"loc":{"start":{"line":203,"column":44},"end":{"line":261,"column":1}},"line":203},"4":{"name":"(anonymous_4)","decl":{"start":{"line":249,"column":38},"end":{"line":249,"column":39}},"loc":{"start":{"line":249,"column":52},"end":{"line":255,"column":3}},"line":249},"5":{"name":"checkCashRegister","decl":{"start":{"line":280,"column":24},"end":{"line":280,"column":41}},"loc":{"start":{"line":280,"column":60},"end":{"line":301,"column":1}},"line":280}},"branchMap":{"0":{"loc":{"start":{"line":117,"column":2},"end":{"line":119,"column":3}},"type":"if","locations":[{"start":{"line":117,"column":2},"end":{"line":119,"column":3}},{"start":{},"end":{}}],"line":117},"1":{"loc":{"start":{"line":153,"column":2},"end":{"line":184,"column":3}},"type":"if","locations":[{"start":{"line":153,"column":2},"end":{"line":184,"column":3}},{"start":{"line":158,"column":9},"end":{"line":184,"column":3}}],"line":153},"2":{"loc":{"start":{"line":158,"column":9},"end":{"line":184,"column":3}},"type":"if","locations":[{"start":{"line":158,"column":9},"end":{"line":184,"column":3}},{"start":{"line":161,"column":9},"end":{"line":184,"column":3}}],"line":158},"3":{"loc":{"start":{"line":161,"column":9},"end":{"line":184,"column":3}},"type":"if","locations":[{"start":{"line":161,"column":9},"end":{"line":184,"column":3}},{"start":{"line":164,"column":9},"end":{"line":184,"column":3}}],"line":161},"4":{"loc":{"start":{"line":164,"column":9},"end":{"line":184,"column":3}},"type":"if","locations":[{"start":{"line":164,"column":9},"end":{"line":184,"column":3}},{"start":{"line":168,"column":9},"end":{"line":184,"column":3}}],"line":164},"5":{"loc":{"start":{"line":168,"column":9},"end":{"line":184,"column":3}},"type":"if","locations":[{"start":{"line":168,"column":9},"end":{"line":184,"column":3}},{"start":{},"end":{}}],"line":168},"6":{"loc":{"start":{"line":226,"column":4},"end":{"line":235,"column":5}},"type":"if","locations":[{"start":{"line":226,"column":4},"end":{"line":235,"column":5}},{"start":{},"end":{}}],"line":226},"7":{"loc":{"start":{"line":226,"column":8},"end":{"line":226,"column":65}},"type":"binary-expr","locations":[{"start":{"line":226,"column":8},"end":{"line":226,"column":38}},{"start":{"line":226,"column":42},"end":{"line":226,"column":65}}],"line":226},"8":{"loc":{"start":{"line":240,"column":2},"end":{"line":246,"column":3}},"type":"if","locations":[{"start":{"line":240,"column":2},"end":{"line":246,"column":3}},{"start":{},"end":{}}],"line":240},"9":{"loc":{"start":{"line":252,"column":4},"end":{"line":254,"column":5}},"type":"if","locations":[{"start":{"line":252,"column":4},"end":{"line":254,"column":5}},{"start":{},"end":{}}],"line":252},"10":{"loc":{"start":{"line":252,"column":8},"end":{"line":252,"column":61}},"type":"binary-expr","locations":[{"start":{"line":252,"column":8},"end":{"line":252,"column":25}},{"start":{"line":252,"column":29},"end":{"line":252,"column":47}},{"start":{"line":252,"column":51},"end":{"line":252,"column":61}}],"line":252},"11":{"loc":{"start":{"line":291,"column":2},"end":{"line":299,"column":3}},"type":"if","locations":[{"start":{"line":291,"column":2},"end":{"line":299,"column":3}},{"start":{"line":294,"column":9},"end":{"line":299,"column":3}}],"line":291},"12":{"loc":{"start":{"line":294,"column":9},"end":{"line":299,"column":3}},"type":"if","locations":[{"start":{"line":294,"column":9},"end":{"line":299,"column":3}},{"start":{"line":297,"column":9},"end":{"line":299,"column":3}}],"line":294}},"s":{"0":1,"1":1,"2":1,"3":1,"4":1,"5":12,"6":12,"7":75,"8":12,"9":14,"10":14,"11":14,"12":5,"13":9,"14":41,"15":41,"16":41,"17":41,"18":41,"19":41,"20":41,"21":0,"22":0,"23":41,"24":0,"25":41,"26":7,"27":34,"28":20,"29":14,"30":14,"31":14,"32":14,"33":0,"34":4,"35":4,"36":4,"37":4,"38":4,"39":4,"40":4,"41":4,"42":4,"43":36,"44":36,"45":36,"46":10,"47":10,"48":10,"49":10,"50":10,"51":10,"52":10,"53":4,"54":4,"55":1,"56":1,"57":3,"58":9,"59":9,"60":9,"61":9,"62":3,"63":3,"64":3,"65":6,"66":6,"67":6,"68":6,"69":1,"70":1,"71":5,"72":1,"73":1,"74":4,"75":6},"f":{"0":12,"1":14,"2":41,"3":4,"4":9,"5":6},"b":{"0":[5,9],"1":[0,41],"2":[0,41],"3":[7,34],"4":[20,14],"5":[14,0],"6":[10,26],"7":[36,29],"8":[1,3],"9":[9,0],"10":[9,0,0],"11":[1,5],"12":[1,4]},"_coverageSchema":"1a1c01bbd47fc00a2c39e90264f33305004495a9","hash":"cef8ce6b62a54409de4f5e821257b027b55ff402"}
,"/Users/ian/Documents/code/js/freecodecamp/jsADS/EverythingBeTrue.js": {"path":"/Users/ian/Documents/code/js/freecodecamp/jsADS/EverythingBeTrue.js","statementMap":{"0":{"start":{"line":11,"column":19},"end":{"line":11,"column":23}},"1":{"start":{"line":12,"column":2},"end":{"line":17,"column":3}},"2":{"start":{"line":13,"column":4},"end":{"line":16,"column":5}},"3":{"start":{"line":14,"column":6},"end":{"line":14,"column":25}},"4":{"start":{"line":15,"column":6},"end":{"line":15,"column":12}},"5":{"start":{"line":18,"column":2},"end":{"line":18,"column":20}}},"fnMap":{"0":{"name":"truthCheck","decl":{"start":{"line":10,"column":9},"end":{"line":10,"column":19}},"loc":{"start":{"line":10,"column":37},"end":{"line":19,"column":1}},"line":10}},"branchMap":{"0":{"loc":{"start":{"line":13,"column":4},"end":{"line":16,"column":5}},"type":"if","locations":[{"start":{"line":13,"column":4},"end":{"line":16,"column":5}},{"start":{},"end":{}}],"line":13}},"s":{"0":3,"1":3,"2":5,"3":2,"4":2,"5":3},"f":{"0":3},"b":{"0":[2,3]},"_coverageSchema":"1a1c01bbd47fc00a2c39e90264f33305004495a9","hash":"6a1e602296c04a26c3f9588f15ce3ba8709dda9f"}
,"/Users/ian/Documents/code/js/freecodecamp/jsADS/MakeaPersonClass.js": {"path":"/Users/ian/Documents/code/js/freecodecamp/jsADS/MakeaPersonClass.js","statementMap":{"0":{"start":{"line":27,"column":19},"end":{"line":27,"column":31}},"1":{"start":{"line":29,"column":4},"end":{"line":31,"column":6}},"2":{"start":{"line":30,"column":6},"end":{"line":30,"column":22}},"3":{"start":{"line":33,"column":4},"end":{"line":36,"column":6}},"4":{"start":{"line":34,"column":20},"end":{"line":34,"column":39}},"5":{"start":{"line":35,"column":6},"end":{"line":35,"column":24}},"6":{"start":{"line":38,"column":4},"end":{"line":41,"column":6}},"7":{"start":{"line":39,"column":20},"end":{"line":39,"column":39}},"8":{"start":{"line":40,"column":6},"end":{"line":40,"column":24}},"9":{"start":{"line":43,"column":4},"end":{"line":47,"column":6}},"10":{"start":{"line":44,"column":20},"end":{"line":44,"column":39}},"11":{"start":{"line":45,"column":19},"end":{"line":45,"column":40}},"12":{"start":{"line":46,"column":6},"end":{"line":46,"column":34}},"13":{"start":{"line":49,"column":4},"end":{"line":53,"column":6}},"14":{"start":{"line":50,"column":20},"end":{"line":50,"column":39}},"15":{"start":{"line":51,"column":19},"end":{"line":51,"column":39}},"16":{"start":{"line":52,"column":6},"end":{"line":52,"column":34}},"17":{"start":{"line":55,"column":4},"end":{"line":57,"column":6}},"18":{"start":{"line":56,"column":6},"end":{"line":56,"column":29}}},"fnMap":{"0":{"name":"(anonymous_0)","decl":{"start":{"line":26,"column":2},"end":{"line":26,"column":3}},"loc":{"start":{"line":26,"column":28},"end":{"line":58,"column":3}},"line":26},"1":{"name":"(anonymous_1)","decl":{"start":{"line":29,"column":23},"end":{"line":29,"column":24}},"loc":{"start":{"line":29,"column":35},"end":{"line":31,"column":5}},"line":29},"2":{"name":"(anonymous_2)","decl":{"start":{"line":33,"column":23},"end":{"line":33,"column":24}},"loc":{"start":{"line":33,"column":35},"end":{"line":36,"column":5}},"line":33},"3":{"name":"(anonymous_3)","decl":{"start":{"line":38,"column":24},"end":{"line":38,"column":25}},"loc":{"start":{"line":38,"column":36},"end":{"line":41,"column":5}},"line":38},"4":{"name":"(anonymous_4)","decl":{"start":{"line":43,"column":24},"end":{"line":43,"column":25}},"loc":{"start":{"line":43,"column":41},"end":{"line":47,"column":5}},"line":43},"5":{"name":"(anonymous_5)","decl":{"start":{"line":49,"column":23},"end":{"line":49,"column":24}},"loc":{"start":{"line":49,"column":39},"end":{"line":53,"column":5}},"line":49},"6":{"name":"(anonymous_6)","decl":{"start":{"line":55,"column":23},"end":{"line":55,"column":24}},"loc":{"start":{"line":55,"column":46},"end":{"line":57,"column":5}},"line":55}},"branchMap":{},"s":{"0":6,"1":6,"2":4,"3":6,"4":4,"5":4,"6":6,"7":4,"8":4,"9":6,"10":1,"11":1,"12":1,"13":6,"14":1,"15":1,"16":1,"17":6,"18":1},"f":{"0":6,"1":4,"2":4,"3":4,"4":1,"5":1,"6":1},"b":{},"_coverageSchema":"1a1c01bbd47fc00a2c39e90264f33305004495a9","hash":"fee079014e8fcc9880312e7d0dcf1863dd38414c"}
,"/Users/ian/Documents/code/js/freecodecamp/jsADS/Palindrome Checker.js": {"path":"/Users/ian/Documents/code/js/freecodecamp/jsADS/Palindrome Checker.js","statementMap":{"0":{"start":{"line":16,"column":2},"end":{"line":16,"column":26}},"1":{"start":{"line":18,"column":11},"end":{"line":18,"column":24}},"2":{"start":{"line":19,"column":18},"end":{"line":19,"column":37}},"3":{"start":{"line":21,"column":19},"end":{"line":21,"column":57}},"4":{"start":{"line":23,"column":2},"end":{"line":23,"column":33}}},"fnMap":{"0":{"name":"palindrome","decl":{"start":{"line":14,"column":24},"end":{"line":14,"column":34}},"loc":{"start":{"line":14,"column":40},"end":{"line":24,"column":1}},"line":14}},"branchMap":{},"s":{"0":14,"1":14,"2":14,"3":14,"4":14},"f":{"0":14},"b":{},"_coverageSchema":"1a1c01bbd47fc00a2c39e90264f33305004495a9","hash":"d55412a2fff2461f1dec69a64dc013843379be46"}
,"/Users/ian/Documents/code/js/freecodecamp/jsADS/RomanNumeralConverter.js": {"path":"/Users/ian/Documents/code/js/freecodecamp/jsADS/RomanNumeralConverter.js","statementMap":{"0":{"start":{"line":21,"column":2},"end":{"line":21,"column":25}},"1":{"start":{"line":21,"column":15},"end":{"line":21,"column":25}},"2":{"start":{"line":23,"column":2},"end":{"line":31,"column":3}},"3":{"start":{"line":24,"column":4},"end":{"line":24,"column":27}},"4":{"start":{"line":25,"column":9},"end":{"line":31,"column":3}},"5":{"start":{"line":26,"column":4},"end":{"line":26,"column":16}},"6":{"start":{"line":27,"column":9},"end":{"line":31,"column":3}},"7":{"start":{"line":28,"column":4},"end":{"line":28,"column":43}},"8":{"start":{"line":29,"column":9},"end":{"line":31,"column":3}},"9":{"start":{"line":30,"column":4},"end":{"line":30,"column":16}},"10":{"start":{"line":33,"column":2},"end":{"line":33,"column":12}},"11":{"start":{"line":37,"column":18},"end":{"line":37,"column":26}},"12":{"start":{"line":40,"column":2},"end":{"line":40,"column":32}},"13":{"start":{"line":40,"column":22},"end":{"line":40,"column":32}},"14":{"start":{"line":42,"column":2},"end":{"line":50,"column":3}},"15":{"start":{"line":43,"column":4},"end":{"line":43,"column":33}},"16":{"start":{"line":44,"column":9},"end":{"line":50,"column":3}},"17":{"start":{"line":45,"column":4},"end":{"line":45,"column":16}},"18":{"start":{"line":46,"column":9},"end":{"line":50,"column":3}},"19":{"start":{"line":47,"column":4},"end":{"line":47,"column":49}},"20":{"start":{"line":48,"column":9},"end":{"line":50,"column":3}},"21":{"start":{"line":49,"column":4},"end":{"line":49,"column":16}},"22":{"start":{"line":51,"column":2},"end":{"line":51,"column":12}},"23":{"start":{"line":55,"column":22},"end":{"line":55,"column":31}},"24":{"start":{"line":62,"column":2},"end":{"line":62,"column":36}},"25":{"start":{"line":62,"column":26},"end":{"line":62,"column":36}},"26":{"start":{"line":64,"column":2},"end":{"line":72,"column":3}},"27":{"start":{"line":65,"column":4},"end":{"line":65,"column":37}},"28":{"start":{"line":66,"column":9},"end":{"line":72,"column":3}},"29":{"start":{"line":67,"column":4},"end":{"line":67,"column":16}},"30":{"start":{"line":68,"column":9},"end":{"line":72,"column":3}},"31":{"start":{"line":69,"column":4},"end":{"line":69,"column":53}},"32":{"start":{"line":70,"column":9},"end":{"line":72,"column":3}},"33":{"start":{"line":71,"column":4},"end":{"line":71,"column":16}},"34":{"start":{"line":74,"column":2},"end":{"line":74,"column":12}},"35":{"start":{"line":79,"column":23},"end":{"line":79,"column":33}},"36":{"start":{"line":82,"column":2},"end":{"line":82,"column":50}},"37":{"start":{"line":82,"column":40},"end":{"line":82,"column":50}},"38":{"start":{"line":84,"column":2},"end":{"line":84,"column":36}},"39":{"start":{"line":88,"column":16},"end":{"line":88,"column":24}},"40":{"start":{"line":89,"column":13},"end":{"line":89,"column":50}},"41":{"start":{"line":90,"column":17},"end":{"line":90,"column":63}},"42":{"start":{"line":91,"column":18},"end":{"line":91,"column":77}},"43":{"start":{"line":105,"column":4},"end":{"line":108,"column":31}},"44":{"start":{"line":110,"column":2},"end":{"line":110,"column":16}}},"fnMap":{"0":{"name":"convertOnesToRoman","decl":{"start":{"line":20,"column":9},"end":{"line":20,"column":27}},"loc":{"start":{"line":20,"column":33},"end":{"line":34,"column":1}},"line":20},"1":{"name":"convertTenssToRoman","decl":{"start":{"line":36,"column":9},"end":{"line":36,"column":28}},"loc":{"start":{"line":36,"column":34},"end":{"line":52,"column":1}},"line":36},"2":{"name":"convertHundredsToRoman","decl":{"start":{"line":54,"column":9},"end":{"line":54,"column":31}},"loc":{"start":{"line":54,"column":37},"end":{"line":75,"column":1}},"line":54},"3":{"name":"convertThousandsToRoman","decl":{"start":{"line":77,"column":9},"end":{"line":77,"column":32}},"loc":{"start":{"line":77,"column":38},"end":{"line":85,"column":1}},"line":77},"4":{"name":"convertToRoman","decl":{"start":{"line":87,"column":24},"end":{"line":87,"column":38}},"loc":{"start":{"line":87,"column":44},"end":{"line":111,"column":1}},"line":87}},"branchMap":{"0":{"loc":{"start":{"line":21,"column":2},"end":{"line":21,"column":25}},"type":"if","locations":[{"start":{"line":21,"column":2},"end":{"line":21,"column":25}},{"start":{},"end":{}}],"line":21},"1":{"loc":{"start":{"line":23,"column":2},"end":{"line":31,"column":3}},"type":"if","locations":[{"start":{"line":23,"column":2},"end":{"line":31,"column":3}},{"start":{"line":25,"column":9},"end":{"line":31,"column":3}}],"line":23},"2":{"loc":{"start":{"line":23,"column":6},"end":{"line":23,"column":24}},"type":"binary-expr","locations":[{"start":{"line":23,"column":6},"end":{"line":23,"column":13}},{"start":{"line":23,"column":17},"end":{"line":23,"column":24}}],"line":23},"3":{"loc":{"start":{"line":25,"column":9},"end":{"line":31,"column":3}},"type":"if","locations":[{"start":{"line":25,"column":9},"end":{"line":31,"column":3}},{"start":{"line":27,"column":9},"end":{"line":31,"column":3}}],"line":25},"4":{"loc":{"start":{"line":27,"column":9},"end":{"line":31,"column":3}},"type":"if","locations":[{"start":{"line":27,"column":9},"end":{"line":31,"column":3}},{"start":{"line":29,"column":9},"end":{"line":31,"column":3}}],"line":27},"5":{"loc":{"start":{"line":27,"column":13},"end":{"line":27,"column":32}},"type":"binary-expr","locations":[{"start":{"line":27,"column":13},"end":{"line":27,"column":21}},{"start":{"line":27,"column":25},"end":{"line":27,"column":32}}],"line":27},"6":{"loc":{"start":{"line":29,"column":9},"end":{"line":31,"column":3}},"type":"if","locations":[{"start":{"line":29,"column":9},"end":{"line":31,"column":3}},{"start":{},"end":{}}],"line":29},"7":{"loc":{"start":{"line":40,"column":2},"end":{"line":40,"column":32}},"type":"if","locations":[{"start":{"line":40,"column":2},"end":{"line":40,"column":32}},{"start":{},"end":{}}],"line":40},"8":{"loc":{"start":{"line":42,"column":2},"end":{"line":50,"column":3}},"type":"if","locations":[{"start":{"line":42,"column":2},"end":{"line":50,"column":3}},{"start":{"line":44,"column":9},"end":{"line":50,"column":3}}],"line":42},"9":{"loc":{"start":{"line":42,"column":6},"end":{"line":42,"column":28}},"type":"binary-expr","locations":[{"start":{"line":42,"column":6},"end":{"line":42,"column":15}},{"start":{"line":42,"column":19},"end":{"line":42,"column":28}}],"line":42},"10":{"loc":{"start":{"line":44,"column":9},"end":{"line":50,"column":3}},"type":"if","locations":[{"start":{"line":44,"column":9},"end":{"line":50,"column":3}},{"start":{"line":46,"column":9},"end":{"line":50,"column":3}}],"line":44},"11":{"loc":{"start":{"line":46,"column":9},"end":{"line":50,"column":3}},"type":"if","locations":[{"start":{"line":46,"column":9},"end":{"line":50,"column":3}},{"start":{"line":48,"column":9},"end":{"line":50,"column":3}}],"line":46},"12":{"loc":{"start":{"line":46,"column":13},"end":{"line":46,"column":34}},"type":"binary-expr","locations":[{"start":{"line":46,"column":13},"end":{"line":46,"column":22}},{"start":{"line":46,"column":26},"end":{"line":46,"column":34}}],"line":46},"13":{"loc":{"start":{"line":48,"column":9},"end":{"line":50,"column":3}},"type":"if","locations":[{"start":{"line":48,"column":9},"end":{"line":50,"column":3}},{"start":{},"end":{}}],"line":48},"14":{"loc":{"start":{"line":62,"column":2},"end":{"line":62,"column":36}},"type":"if","locations":[{"start":{"line":62,"column":2},"end":{"line":62,"column":36}},{"start":{},"end":{}}],"line":62},"15":{"loc":{"start":{"line":64,"column":2},"end":{"line":72,"column":3}},"type":"if","locations":[{"start":{"line":64,"column":2},"end":{"line":72,"column":3}},{"start":{"line":66,"column":9},"end":{"line":72,"column":3}}],"line":64},"16":{"loc":{"start":{"line":64,"column":6},"end":{"line":64,"column":30}},"type":"binary-expr","locations":[{"start":{"line":64,"column":6},"end":{"line":64,"column":16}},{"start":{"line":64,"column":20},"end":{"line":64,"column":30}}],"line":64},"17":{"loc":{"start":{"line":66,"column":9},"end":{"line":72,"column":3}},"type":"if","locations":[{"start":{"line":66,"column":9},"end":{"line":72,"column":3}},{"start":{"line":68,"column":9},"end":{"line":72,"column":3}}],"line":66},"18":{"loc":{"start":{"line":68,"column":9},"end":{"line":72,"column":3}},"type":"if","locations":[{"start":{"line":68,"column":9},"end":{"line":72,"column":3}},{"start":{"line":70,"column":9},"end":{"line":72,"column":3}}],"line":68},"19":{"loc":{"start":{"line":68,"column":13},"end":{"line":68,"column":36}},"type":"binary-expr","locations":[{"start":{"line":68,"column":13},"end":{"line":68,"column":23}},{"start":{"line":68,"column":27},"end":{"line":68,"column":36}}],"line":68},"20":{"loc":{"start":{"line":70,"column":9},"end":{"line":72,"column":3}},"type":"if","locations":[{"start":{"line":70,"column":9},"end":{"line":72,"column":3}},{"start":{},"end":{}}],"line":70},"21":{"loc":{"start":{"line":82,"column":2},"end":{"line":82,"column":50}},"type":"if","locations":[{"start":{"line":82,"column":2},"end":{"line":82,"column":50}},{"start":{},"end":{}}],"line":82},"22":{"loc":{"start":{"line":82,"column":6},"end":{"line":82,"column":38}},"type":"binary-expr","locations":[{"start":{"line":82,"column":6},"end":{"line":82,"column":25}},{"start":{"line":82,"column":29},"end":{"line":82,"column":38}}],"line":82},"23":{"loc":{"start":{"line":89,"column":13},"end":{"line":89,"column":50}},"type":"cond-expr","locations":[{"start":{"line":89,"column":25},"end":{"line":89,"column":46}},{"start":{"line":89,"column":49},"end":{"line":89,"column":50}}],"line":89},"24":{"loc":{"start":{"line":90,"column":17},"end":{"line":90,"column":63}},"type":"cond-expr","locations":[{"start":{"line":90,"column":30},"end":{"line":90,"column":59}},{"start":{"line":90,"column":62},"end":{"line":90,"column":63}}],"line":90},"25":{"loc":{"start":{"line":91,"column":18},"end":{"line":91,"column":77}},"type":"cond-expr","locations":[{"start":{"line":91,"column":32},"end":{"line":91,"column":73}},{"start":{"line":91,"column":76},"end":{"line":91,"column":77}}],"line":91}},"s":{"0":28,"1":0,"2":28,"3":7,"4":21,"5":4,"6":17,"7":8,"8":9,"9":5,"10":4,"11":28,"12":28,"13":13,"14":15,"15":5,"16":10,"17":3,"18":7,"19":2,"20":5,"21":5,"22":0,"23":28,"24":28,"25":20,"26":8,"27":1,"28":7,"29":1,"30":6,"31":5,"32":1,"33":1,"34":0,"35":28,"36":28,"37":22,"38":6,"39":28,"40":28,"41":28,"42":28,"43":28,"44":28},"f":{"0":28,"1":28,"2":28,"3":28,"4":28},"b":{"0":[0,28],"1":[7,21],"2":[28,24],"3":[4,17],"4":[8,9],"5":[17,13],"6":[5,4],"7":[13,15],"8":[5,10],"9":[15,15],"10":[3,7],"11":[2,5],"12":[7,7],"13":[5,0],"14":[20,8],"15":[1,7],"16":[8,8],"17":[1,6],"18":[5,1],"19":[6,6],"20":[1,0],"21":[22,6],"22":[28,6],"23":[22,6],"24":[13,15],"25":[6,22]},"_coverageSchema":"1a1c01bbd47fc00a2c39e90264f33305004495a9","hash":"cd2ae945bb9de92bb5a901ddf79f2b337351e27c"}
,"/Users/ian/Documents/code/js/freecodecamp/jsADS/Steamroller.js": {"path":"/Users/ian/Documents/code/js/freecodecamp/jsADS/Steamroller.js","statementMap":{"0":{"start":{"line":6,"column":15},"end":{"line":6,"column":17}},"1":{"start":{"line":10,"column":12},"end":{"line":10,"column":22}},"2":{"start":{"line":11,"column":2},"end":{"line":19,"column":3}},"3":{"start":{"line":11,"column":15},"end":{"line":11,"column":16}},"4":{"start":{"line":12,"column":18},"end":{"line":12,"column":24}},"5":{"start":{"line":13,"column":4},"end":{"line":18,"column":5}},"6":{"start":{"line":14,"column":19},"end":{"line":14,"column":42}},"7":{"start":{"line":15,"column":6},"end":{"line":15,"column":37}},"8":{"start":{"line":17,"column":6},"end":{"line":17,"column":27}},"9":{"start":{"line":20,"column":2},"end":{"line":20,"column":16}}},"fnMap":{"0":{"name":"steamrollArray","decl":{"start":{"line":5,"column":24},"end":{"line":5,"column":38}},"loc":{"start":{"line":5,"column":44},"end":{"line":21,"column":1}},"line":5}},"branchMap":{"0":{"loc":{"start":{"line":13,"column":4},"end":{"line":18,"column":5}},"type":"if","locations":[{"start":{"line":13,"column":4},"end":{"line":18,"column":5}},{"start":{"line":16,"column":11},"end":{"line":18,"column":5}}],"line":13}},"s":{"0":19,"1":19,"2":19,"3":19,"4":28,"5":28,"6":15,"7":15,"8":13,"9":19},"f":{"0":19},"b":{"0":[15,13]},"_coverageSchema":"1a1c01bbd47fc00a2c39e90264f33305004495a9","hash":"f5c66b6dc5dee95712cb0cad317cd066647fd22e"}
,"/Users/ian/Documents/code/js/freecodecamp/jsADS/TelephoneUSANumberValidator.js": {"path":"/Users/ian/Documents/code/js/freecodecamp/jsADS/TelephoneUSANumberValidator.js","statementMap":{"0":{"start":{"line":25,"column":32},"end":{"line":25,"column":45}},"1":{"start":{"line":27,"column":2},"end":{"line":27,"column":63}},"2":{"start":{"line":27,"column":50},"end":{"line":27,"column":63}},"3":{"start":{"line":30,"column":15},"end":{"line":30,"column":38}},"4":{"start":{"line":33,"column":2},"end":{"line":37,"column":3}},"5":{"start":{"line":34,"column":24},"end":{"line":34,"column":41}},"6":{"start":{"line":35,"column":33},"end":{"line":35,"column":60}},"7":{"start":{"line":36,"column":4},"end":{"line":36,"column":53}},"8":{"start":{"line":36,"column":40},"end":{"line":36,"column":53}},"9":{"start":{"line":40,"column":2},"end":{"line":51,"column":3}},"10":{"start":{"line":42,"column":4},"end":{"line":42,"column":40}},"11":{"start":{"line":42,"column":27},"end":{"line":42,"column":40}},"12":{"start":{"line":44,"column":30},"end":{"line":44,"column":51}},"13":{"start":{"line":45,"column":25},"end":{"line":45,"column":58}},"14":{"start":{"line":47,"column":30},"end":{"line":47,"column":60}},"15":{"start":{"line":48,"column":25},"end":{"line":48,"column":58}},"16":{"start":{"line":50,"column":4},"end":{"line":50,"column":71}},"17":{"start":{"line":50,"column":58},"end":{"line":50,"column":71}},"18":{"start":{"line":54,"column":23},"end":{"line":54,"column":33}},"19":{"start":{"line":55,"column":2},"end":{"line":55,"column":44}},"20":{"start":{"line":58,"column":2},"end":{"line":58,"column":60}},"21":{"start":{"line":58,"column":47},"end":{"line":58,"column":60}},"22":{"start":{"line":60,"column":2},"end":{"line":60,"column":62}},"23":{"start":{"line":60,"column":50},"end":{"line":60,"column":62}},"24":{"start":{"line":62,"column":2},"end":{"line":62,"column":15}}},"fnMap":{"0":{"name":"telephoneCheck","decl":{"start":{"line":23,"column":24},"end":{"line":23,"column":38}},"loc":{"start":{"line":23,"column":44},"end":{"line":63,"column":1}},"line":23}},"branchMap":{"0":{"loc":{"start":{"line":27,"column":2},"end":{"line":27,"column":63}},"type":"if","locations":[{"start":{"line":27,"column":2},"end":{"line":27,"column":63}},{"start":{},"end":{}}],"line":27},"1":{"loc":{"start":{"line":33,"column":2},"end":{"line":37,"column":3}},"type":"if","locations":[{"start":{"line":33,"column":2},"end":{"line":37,"column":3}},{"start":{},"end":{}}],"line":33},"2":{"loc":{"start":{"line":33,"column":6},"end":{"line":33,"column":58}},"type":"binary-expr","locations":[{"start":{"line":33,"column":6},"end":{"line":33,"column":30}},{"start":{"line":33,"column":34},"end":{"line":33,"column":58}}],"line":33},"3":{"loc":{"start":{"line":36,"column":4},"end":{"line":36,"column":53}},"type":"if","locations":[{"start":{"line":36,"column":4},"end":{"line":36,"column":53}},{"start":{},"end":{}}],"line":36},"4":{"loc":{"start":{"line":40,"column":2},"end":{"line":51,"column":3}},"type":"if","locations":[{"start":{"line":40,"column":2},"end":{"line":51,"column":3}},{"start":{},"end":{}}],"line":40},"5":{"loc":{"start":{"line":42,"column":4},"end":{"line":42,"column":40}},"type":"if","locations":[{"start":{"line":42,"column":4},"end":{"line":42,"column":40}},{"start":{},"end":{}}],"line":42},"6":{"loc":{"start":{"line":50,"column":4},"end":{"line":50,"column":71}},"type":"if","locations":[{"start":{"line":50,"column":4},"end":{"line":50,"column":71}},{"start":{},"end":{}}],"line":50},"7":{"loc":{"start":{"line":50,"column":8},"end":{"line":50,"column":56}},"type":"binary-expr","locations":[{"start":{"line":50,"column":8},"end":{"line":50,"column":30}},{"start":{"line":50,"column":34},"end":{"line":50,"column":56}}],"line":50},"8":{"loc":{"start":{"line":58,"column":2},"end":{"line":58,"column":60}},"type":"if","locations":[{"start":{"line":58,"column":2},"end":{"line":58,"column":60}},{"start":{},"end":{}}],"line":58},"9":{"loc":{"start":{"line":58,"column":6},"end":{"line":58,"column":45}},"type":"binary-expr","locations":[{"start":{"line":58,"column":6},"end":{"line":58,"column":25}},{"start":{"line":58,"column":29},"end":{"line":58,"column":45}}],"line":58},"10":{"loc":{"start":{"line":60,"column":2},"end":{"line":60,"column":62}},"type":"if","locations":[{"start":{"line":60,"column":2},"end":{"line":60,"column":62}},{"start":{},"end":{}}],"line":60},"11":{"loc":{"start":{"line":60,"column":6},"end":{"line":60,"column":48}},"type":"binary-expr","locations":[{"start":{"line":60,"column":6},"end":{"line":60,"column":25}},{"start":{"line":60,"column":29},"end":{"line":60,"column":48}}],"line":60}},"s":{"0":30,"1":30,"2":2,"3":28,"4":28,"5":15,"6":15,"7":15,"8":5,"9":23,"10":15,"11":1,"12":14,"13":14,"14":14,"15":14,"16":14,"17":1,"18":21,"19":21,"20":21,"21":7,"22":14,"23":9,"24":5},"f":{"0":30},"b":{"0":[2,28],"1":[15,13],"2":[28,15],"3":[5,10],"4":[15,8],"5":[1,14],"6":[1,13],"7":[14,1],"8":[7,14],"9":[21,12],"10":[9,5],"11":[14,10]},"_coverageSchema":"1a1c01bbd47fc00a2c39e90264f33305004495a9","hash":"9d4f11da2c08a17b76a676b231f7113d13178706"}
,"/Users/ian/Documents/code/js/freecodecamp/jsADS/addTwo.js": {"path":"/Users/ian/Documents/code/js/freecodecamp/jsADS/addTwo.js","statementMap":{"0":{"start":{"line":3,"column":2},"end":{"line":3,"column":17}}},"fnMap":{"0":{"name":"addTwo","decl":{"start":{"line":2,"column":9},"end":{"line":2,"column":15}},"loc":{"start":{"line":2,"column":21},"end":{"line":4,"column":1}},"line":2}},"branchMap":{},"s":{"0":0},"f":{"0":0},"b":{},"_coverageSchema":"1a1c01bbd47fc00a2c39e90264f33305004495a9","hash":"7fd72c667d101843aa13a6ca92aab5c09e58dfdd"}
,"/Users/ian/Documents/code/js/freecodecamp/jsADS/di.js": {"path":"/Users/ian/Documents/code/js/freecodecamp/jsADS/di.js","statementMap":{"0":{"start":{"line":9,"column":12},"end":{"line":9,"column":22}},"1":{"start":{"line":10,"column":12},"end":{"line":10,"column":13}},"2":{"start":{"line":11,"column":18},"end":{"line":11,"column":23}},"3":{"start":{"line":12,"column":2},"end":{"line":20,"column":3}},"4":{"start":{"line":12,"column":15},"end":{"line":12,"column":16}},"5":{"start":{"line":13,"column":4},"end":{"line":13,"column":12}},"6":{"start":{"line":14,"column":18},"end":{"line":14,"column":24}},"7":{"start":{"line":15,"column":17},"end":{"line":15,"column":30}},"8":{"start":{"line":16,"column":4},"end":{"line":19,"column":5}},"9":{"start":{"line":17,"column":6},"end":{"line":17,"column":23}},"10":{"start":{"line":18,"column":6},"end":{"line":18,"column":12}},"11":{"start":{"line":21,"column":15},"end":{"line":21,"column":17}},"12":{"start":{"line":23,"column":2},"end":{"line":23,"column":41}}},"fnMap":{"0":{"name":"dropElements","decl":{"start":{"line":8,"column":9},"end":{"line":8,"column":21}},"loc":{"start":{"line":8,"column":33},"end":{"line":24,"column":1}},"line":8}},"branchMap":{"0":{"loc":{"start":{"line":16,"column":4},"end":{"line":19,"column":5}},"type":"if","locations":[{"start":{"line":16,"column":4},"end":{"line":19,"column":5}},{"start":{},"end":{}}],"line":16},"1":{"loc":{"start":{"line":23,"column":9},"end":{"line":23,"column":40}},"type":"cond-expr","locations":[{"start":{"line":23,"column":21},"end":{"line":23,"column":35}},{"start":{"line":23,"column":38},"end":{"line":23,"column":40}}],"line":23}},"s":{"0":6,"1":6,"2":6,"3":6,"4":6,"5":20,"6":20,"7":20,"8":20,"9":5,"10":5,"11":6,"12":6},"f":{"0":6},"b":{"0":[5,15],"1":[5,1]},"_coverageSchema":"1a1c01bbd47fc00a2c39e90264f33305004495a9","hash":"ecb48ac02d5f07afd67682be7a13646fc00cac3f"}
,"/Users/ian/Documents/code/js/freecodecamp/jsADS/scd.js": {"path":"/Users/ian/Documents/code/js/freecodecamp/jsADS/scd.js","statementMap":{"0":{"start":{"line":11,"column":14},"end":{"line":11,"column":16}},"1":{"start":{"line":12,"column":2},"end":{"line":14,"column":3}},"2":{"start":{"line":12,"column":15},"end":{"line":12,"column":20}},"3":{"start":{"line":13,"column":4},"end":{"line":13,"column":16}},"4":{"start":{"line":15,"column":2},"end":{"line":15,"column":13}},"5":{"start":{"line":19,"column":2},"end":{"line":19,"column":34}},"6":{"start":{"line":23,"column":14},"end":{"line":23,"column":20}},"7":{"start":{"line":24,"column":12},"end":{"line":24,"column":18}},"8":{"start":{"line":25,"column":2},"end":{"line":25,"column":43}},"9":{"start":{"line":25,"column":36},"end":{"line":25,"column":41}},"10":{"start":{"line":27,"column":17},"end":{"line":27,"column":34}},"11":{"start":{"line":29,"column":25},"end":{"line":29,"column":40}},"12":{"start":{"line":31,"column":19},"end":{"line":31,"column":20}},"13":{"start":{"line":32,"column":2},"end":{"line":34,"column":3}},"14":{"start":{"line":32,"column":15},"end":{"line":32,"column":20}},"15":{"start":{"line":33,"column":4},"end":{"line":33,"column":20}},"16":{"start":{"line":37,"column":15},"end":{"line":37,"column":16}},"17":{"start":{"line":39,"column":2},"end":{"line":60,"column":3}},"18":{"start":{"line":39,"column":17},"end":{"line":39,"column":22}},"19":{"start":{"line":40,"column":22},"end":{"line":40,"column":27}},"20":{"start":{"line":41,"column":4},"end":{"line":53,"column":5}},"21":{"start":{"line":47,"column":6},"end":{"line":52,"column":7}},"22":{"start":{"line":48,"column":8},"end":{"line":48,"column":28}},"23":{"start":{"line":49,"column":8},"end":{"line":49,"column":14}},"24":{"start":{"line":51,"column":8},"end":{"line":51,"column":27}},"25":{"start":{"line":56,"column":4},"end":{"line":56,"column":17}},"26":{"start":{"line":57,"column":4},"end":{"line":59,"column":5}},"27":{"start":{"line":58,"column":6},"end":{"line":58,"column":12}},"28":{"start":{"line":62,"column":2},"end":{"line":62,"column":16}}},"fnMap":{"0":{"name":"range","decl":{"start":{"line":10,"column":9},"end":{"line":10,"column":14}},"loc":{"start":{"line":10,"column":27},"end":{"line":16,"column":1}},"line":10},"1":{"name":"evenlyDivisible","decl":{"start":{"line":18,"column":16},"end":{"line":18,"column":31}},"loc":{"start":{"line":18,"column":52},"end":{"line":20,"column":1}},"line":18},"2":{"name":"smallestCommons","decl":{"start":{"line":22,"column":24},"end":{"line":22,"column":39}},"loc":{"start":{"line":22,"column":45},"end":{"line":63,"column":1}},"line":22},"3":{"name":"(anonymous_3)","decl":{"start":{"line":25,"column":26},"end":{"line":25,"column":27}},"loc":{"start":{"line":25,"column":36},"end":{"line":25,"column":41}},"line":25}},"branchMap":{"0":{"loc":{"start":{"line":47,"column":6},"end":{"line":52,"column":7}},"type":"if","locations":[{"start":{"line":47,"column":6},"end":{"line":52,"column":7}},{"start":{"line":50,"column":13},"end":{"line":52,"column":7}}],"line":47},"1":{"loc":{"start":{"line":57,"column":4},"end":{"line":59,"column":5}},"type":"if","locations":[{"start":{"line":57,"column":4},"end":{"line":59,"column":5}},{"start":{},"end":{}}],"line":57}},"s":{"0":4,"1":4,"2":4,"3":32,"4":4,"5":1009436,"6":4,"7":4,"8":4,"9":4,"10":4,"11":4,"12":4,"13":4,"14":4,"15":32,"16":4,"17":4,"18":4,"19":362999,"20":362999,"21":1009434,"22":362995,"23":362995,"24":646439,"25":362999,"26":362999,"27":4,"28":4},"f":{"0":4,"1":1009436,"2":4,"3":4},"b":{"0":[362995,646439],"1":[4,362995]},"_coverageSchema":"1a1c01bbd47fc00a2c39e90264f33305004495a9","hash":"441fee9dbbd9ce3cbe14756cd01289de0400a116"}
}
