TN:
SF:ArgumentsOptional.js
FN:15,isNumber
FN:19,addTogether
FN:24,(anonymous_2)
FNF:3
FNH:3
FNDA:20,isNumber
FNDA:11,addTogether
FNDA:2,(anonymous_2)
DA:16,20
DA:20,11
DA:22,11
DA:23,9
DA:24,6
LF:5
LH:5
BRDA:16,0,0,12
BRDA:16,0,1,8
BRDA:22,1,0,9
BRDA:22,1,1,2
BRDA:23,2,0,3
BRDA:23,2,1,6
BRDA:24,3,0,3
BRDA:24,3,1,3
BRF:8
BRH:8
end_of_record
TN:
SF:BinaryAgents.js
FN:44,binaryAgent
FNF:1
FNH:1
FNDA:2,binaryAgent
DA:5,1
DA:45,2
DA:46,2
DA:48,2
DA:49,41
DA:50,41
DA:53,2
LF:7
LH:7
BRF:0
BRH:0
end_of_record
TN:
SF:CaesarsCipher.js
FN:21,rot13
FN:25,(anonymous_1)
FN:38,_rotateElement
FN:49,_locationInAlphabet
FN:58,_isInAlphabet
FN:69,_newRotaedLocation
FNF:6
FNH:6
FNDA:6,rot13
FNDA:118,(anonymous_1)
FNDA:88,_rotateElement
FNDA:214,_locationInAlphabet
FNDA:122,_isInAlphabet
FNDA:92,_newRotaedLocation
DA:13,1
DA:14,1
DA:22,6
DA:26,118
DA:39,88
DA:40,88
DA:41,88
DA:50,214
DA:59,122
DA:70,92
DA:71,92
DA:72,48
DA:74,44
DA:76,92
LF:14
LH:14
BRDA:26,0,0,88
BRDA:26,0,1,30
BRDA:71,1,0,48
BRDA:71,1,1,44
BRF:4
BRH:4
end_of_record
TN:
SF:CashRegister.js
FN:83,getTotalCid
FN:107,AmountReturnedDollars
FN:145,doCidadjustmentForAType
FN:203,doCidadjustment
FN:249,(anonymous_4)
FN:280,checkCashRegister
FNF:6
FNH:6
FNDA:12,getTotalCid
FNDA:14,AmountReturnedDollars
FNDA:41,doCidadjustmentForAType
FNDA:4,doCidadjustment
FNDA:9,(anonymous_4)
FNDA:6,checkCashRegister
DA:44,1
DA:45,1
DA:46,1
DA:48,1
DA:60,1
DA:85,12
DA:86,12
DA:87,75
DA:90,12
DA:113,14
DA:115,14
DA:117,14
DA:118,5
DA:120,9
DA:146,41
DA:147,41
DA:148,41
DA:149,41
DA:150,41
DA:151,41
DA:153,41
DA:156,0
DA:157,0
DA:158,41
DA:160,0
DA:161,41
DA:163,7
DA:164,34
DA:167,20
DA:168,14
DA:176,14
DA:181,14
DA:183,14
DA:186,0
DA:205,4
DA:207,4
DA:209,4
DA:210,4
DA:212,4
DA:216,4
DA:218,4
DA:221,4
DA:222,36
DA:224,36
DA:226,36
DA:227,10
DA:228,10
DA:229,10
DA:230,10
DA:232,10
DA:233,10
DA:234,10
DA:238,4
DA:240,4
DA:241,1
DA:245,1
DA:249,3
DA:250,9
DA:251,9
DA:252,9
DA:253,9
DA:256,3
DA:258,3
DA:260,3
DA:281,6
DA:286,6
DA:289,6
DA:291,6
DA:292,1
DA:293,1
DA:294,5
DA:295,1
DA:296,1
DA:298,4
DA:300,6
LF:75
LH:71
BRDA:117,0,0,5
BRDA:117,0,1,9
BRDA:153,1,0,0
BRDA:153,1,1,41
BRDA:158,2,0,0
BRDA:158,2,1,41
BRDA:161,3,0,7
BRDA:161,3,1,34
BRDA:164,4,0,20
BRDA:164,4,1,14
BRDA:168,5,0,14
BRDA:168,5,1,0
BRDA:226,6,0,10
BRDA:226,6,1,26
BRDA:226,7,0,36
BRDA:226,7,1,29
BRDA:240,8,0,1
BRDA:240,8,1,3
BRDA:252,9,0,9
BRDA:252,9,1,0
BRDA:252,10,0,9
BRDA:252,10,1,0
BRDA:252,10,2,0
BRDA:291,11,0,1
BRDA:291,11,1,5
BRDA:294,12,0,1
BRDA:294,12,1,4
BRF:27
BRH:21
end_of_record
TN:
SF:EverythingBeTrue.js
FN:10,truthCheck
FNF:1
FNH:1
FNDA:3,truthCheck
DA:11,3
DA:12,3
DA:13,5
DA:14,2
DA:15,2
DA:18,3
LF:6
LH:6
BRDA:13,0,0,2
BRDA:13,0,1,3
BRF:2
BRH:2
end_of_record
TN:
SF:MakeaPersonClass.js
FN:26,(anonymous_0)
FN:29,(anonymous_1)
FN:33,(anonymous_2)
FN:38,(anonymous_3)
FN:43,(anonymous_4)
FN:49,(anonymous_5)
FN:55,(anonymous_6)
FNF:7
FNH:7
FNDA:6,(anonymous_0)
FNDA:4,(anonymous_1)
FNDA:4,(anonymous_2)
FNDA:4,(anonymous_3)
FNDA:1,(anonymous_4)
FNDA:1,(anonymous_5)
FNDA:1,(anonymous_6)
DA:27,6
DA:29,6
DA:30,4
DA:33,6
DA:34,4
DA:35,4
DA:38,6
DA:39,4
DA:40,4
DA:43,6
DA:44,1
DA:45,1
DA:46,1
DA:49,6
DA:50,1
DA:51,1
DA:52,1
DA:55,6
DA:56,1
LF:19
LH:19
BRF:0
BRH:0
end_of_record
TN:
SF:Palindrome Checker.js
FN:14,palindrome
FNF:1
FNH:1
FNDA:14,palindrome
DA:16,14
DA:18,14
DA:19,14
DA:21,14
DA:23,14
LF:5
LH:5
BRF:0
BRH:0
end_of_record
TN:
SF:RomanNumeralConverter.js
FN:20,convertOnesToRoman
FN:36,convertTenssToRoman
FN:54,convertHundredsToRoman
FN:77,convertThousandsToRoman
FN:87,convertToRoman
FNF:5
FNH:5
FNDA:28,convertOnesToRoman
FNDA:28,convertTenssToRoman
FNDA:28,convertHundredsToRoman
FNDA:28,convertThousandsToRoman
FNDA:28,convertToRoman
DA:21,28
DA:23,28
DA:24,7
DA:25,21
DA:26,4
DA:27,17
DA:28,8
DA:29,9
DA:30,5
DA:33,4
DA:37,28
DA:40,28
DA:42,15
DA:43,5
DA:44,10
DA:45,3
DA:46,7
DA:47,2
DA:48,5
DA:49,5
DA:51,0
DA:55,28
DA:62,28
DA:64,8
DA:65,1
DA:66,7
DA:67,1
DA:68,6
DA:69,5
DA:70,1
DA:71,1
DA:74,0
DA:79,28
DA:82,28
DA:84,6
DA:88,28
DA:89,28
DA:90,28
DA:91,28
DA:105,28
DA:110,28
LF:41
LH:39
BRDA:21,0,0,0
BRDA:21,0,1,28
BRDA:23,1,0,7
BRDA:23,1,1,21
BRDA:23,2,0,28
BRDA:23,2,1,24
BRDA:25,3,0,4
BRDA:25,3,1,17
BRDA:27,4,0,8
BRDA:27,4,1,9
BRDA:27,5,0,17
BRDA:27,5,1,13
BRDA:29,6,0,5
BRDA:29,6,1,4
BRDA:40,7,0,13
BRDA:40,7,1,15
BRDA:42,8,0,5
BRDA:42,8,1,10
BRDA:42,9,0,15
BRDA:42,9,1,15
BRDA:44,10,0,3
BRDA:44,10,1,7
BRDA:46,11,0,2
BRDA:46,11,1,5
BRDA:46,12,0,7
BRDA:46,12,1,7
BRDA:48,13,0,5
BRDA:48,13,1,0
BRDA:62,14,0,20
BRDA:62,14,1,8
BRDA:64,15,0,1
BRDA:64,15,1,7
BRDA:64,16,0,8
BRDA:64,16,1,8
BRDA:66,17,0,1
BRDA:66,17,1,6
BRDA:68,18,0,5
BRDA:68,18,1,1
BRDA:68,19,0,6
BRDA:68,19,1,6
BRDA:70,20,0,1
BRDA:70,20,1,0
BRDA:82,21,0,22
BRDA:82,21,1,6
BRDA:82,22,0,28
BRDA:82,22,1,6
BRDA:89,23,0,22
BRDA:89,23,1,6
BRDA:90,24,0,13
BRDA:90,24,1,15
BRDA:91,25,0,6
BRDA:91,25,1,22
BRF:52
BRH:49
end_of_record
TN:
SF:Steamroller.js
FN:5,steamrollArray
FNF:1
FNH:1
FNDA:19,steamrollArray
DA:6,19
DA:10,19
DA:11,19
DA:12,28
DA:13,28
DA:14,15
DA:15,15
DA:17,13
DA:20,19
LF:9
LH:9
BRDA:13,0,0,15
BRDA:13,0,1,13
BRF:2
BRH:2
end_of_record
TN:
SF:TelephoneUSANumberValidator.js
FN:23,telephoneCheck
FNF:1
FNH:1
FNDA:30,telephoneCheck
DA:25,30
DA:27,30
DA:30,28
DA:33,28
DA:34,15
DA:35,15
DA:36,15
DA:40,23
DA:42,15
DA:44,14
DA:45,14
DA:47,14
DA:48,14
DA:50,14
DA:54,21
DA:55,21
DA:58,21
DA:60,14
DA:62,5
LF:19
LH:19
BRDA:27,0,0,2
BRDA:27,0,1,28
BRDA:33,1,0,15
BRDA:33,1,1,13
BRDA:33,2,0,28
BRDA:33,2,1,15
BRDA:36,3,0,5
BRDA:36,3,1,10
BRDA:40,4,0,15
BRDA:40,4,1,8
BRDA:42,5,0,1
BRDA:42,5,1,14
BRDA:50,6,0,1
BRDA:50,6,1,13
BRDA:50,7,0,14
BRDA:50,7,1,1
BRDA:58,8,0,7
BRDA:58,8,1,14
BRDA:58,9,0,21
BRDA:58,9,1,12
BRDA:60,10,0,9
BRDA:60,10,1,5
BRDA:60,11,0,14
BRDA:60,11,1,10
BRF:24
BRH:24
end_of_record
TN:
SF:addTwo.js
FN:2,addTwo
FNF:1
FNH:0
FNDA:0,addTwo
DA:3,0
LF:1
LH:0
BRF:0
BRH:0
end_of_record
TN:
SF:di.js
FN:8,dropElements
FNF:1
FNH:1
FNDA:6,dropElements
DA:9,6
DA:10,6
DA:11,6
DA:12,6
DA:13,20
DA:14,20
DA:15,20
DA:16,20
DA:17,5
DA:18,5
DA:21,6
DA:23,6
LF:12
LH:12
BRDA:16,0,0,5
BRDA:16,0,1,15
BRDA:23,1,0,5
BRDA:23,1,1,1
BRF:4
BRH:4
end_of_record
TN:
SF:scd.js
FN:10,range
FN:18,evenlyDivisible
FN:22,smallestCommons
FN:25,(anonymous_3)
FNF:4
FNH:4
FNDA:4,range
FNDA:1009436,evenlyDivisible
FNDA:4,smallestCommons
FNDA:4,(anonymous_3)
DA:11,4
DA:12,4
DA:13,32
DA:15,4
DA:19,1009436
DA:23,4
DA:24,4
DA:25,4
DA:27,4
DA:29,4
DA:31,4
DA:32,4
DA:33,32
DA:37,4
DA:39,4
DA:40,362999
DA:41,362999
DA:47,1009434
DA:48,362995
DA:49,362995
DA:51,646439
DA:56,362999
DA:57,362999
DA:58,4
DA:62,4
LF:25
LH:25
BRDA:47,0,0,362995
BRDA:47,0,1,646439
BRDA:57,1,0,4
BRDA:57,1,1,362995
BRF:4
BRH:4
end_of_record
